enp71s0
check whether worker is init
splitting
Check run master
DistToyModel()
parameter rref???? Dist class
rref param len 4
parameter rref finish??? [UserRRef(RRefId = GloballyUniqueId(created_on=1, local_id=0), ForkId = GloballyUniqueId(created_on=1, local_id=2)), UserRRef(RRefId = GloballyUniqueId(created_on=1, local_id=1), ForkId = GloballyUniqueId(created_on=1, local_id=3)), UserRRef(RRefId = GloballyUniqueId(created_on=2, local_id=0), ForkId = GloballyUniqueId(created_on=2, local_id=2)), UserRRef(RRefId = GloballyUniqueId(created_on=2, local_id=1), ForkId = GloballyUniqueId(created_on=2, local_id=3))]
Processing batch 0
checkpoint forward
forwarding? Dist class
split size 1
split size 1
split size 1
split size 1
split size 1
split size 1
split size 1
split size 1
split size 1
split size 1
split size 1
split size 1
split size 1
split size 1
split size 1
split size 1
split size 1
split size 1
split size 1
split size 1
Processing batch 1
checkpoint forward
forwarding? Dist class
split size 1
split size 1
split size 1
split size 1
split size 1
split size 1
split size 1
split size 1
split size 1
split size 1
split size 1
split size 1
split size 1
split size 1
split size 1
split size 1
split size 1
split size 1
split size 1
split size 1
Processing batch 2
checkpoint forward
forwarding? Dist class
split size 1
split size 1
split size 1
split size 1
split size 1
split size 1
split size 1
split size 1
split size 1
split size 1
split size 1
split size 1
split size 1
split size 1
split size 1
split size 1
split size 1
split size 1
split size 1
split size 1
-------------------------------------------------------  ------------  ------------  ------------  ------------  ------------  ------------  
                                                   Name    Self CPU %      Self CPU   CPU total %     CPU total  CPU time avg    # of Calls  
-------------------------------------------------------  ------------  ------------  ------------  ------------  ------------  ------------  
                 torch::distributed::autograd::backward        69.33%      11.961ms        69.52%      11.994ms       3.998ms             3  
          torch::distributed::autograd::RecvRpcBackward        13.97%       2.411ms        13.97%       2.411ms      40.183us            60  
                                            aten::zeros         5.12%     884.000us         7.26%       1.253ms       9.492us           132  
                                            aten::empty         2.79%     481.000us         2.79%     481.000us       1.743us           276  
                                            aten::slice         1.40%     241.000us         2.02%     348.000us       2.900us           120  
                                           aten::narrow         1.38%     238.000us         3.22%     555.000us       4.625us           120  
                                            aten::split         0.76%     131.000us         2.35%     406.000us     135.333us             3  
                                aten::mse_loss_backward         0.50%      86.000us         1.01%     175.000us      29.167us             6  
                                           CatBackward0         0.49%      85.000us         2.12%     365.000us     121.667us             3  
                                              aten::cat         0.48%      82.000us         0.85%     146.000us      48.667us             3  
                                            aten::zero_         0.47%      81.000us         0.47%      81.000us       0.600us           135  
                                       aten::as_strided         0.46%      80.000us         0.50%      86.000us       0.699us           123  
                                         aten::mse_loss         0.43%      75.000us         1.47%     253.000us      84.333us             3  
                                             aten::_cat         0.31%      54.000us         0.37%      64.000us      21.333us             3  
                                             aten::mean         0.29%      50.000us         1.00%     172.000us      57.333us             3  
                                            aten::randn         0.28%      48.000us         0.57%      98.000us      16.333us             6  
                                              aten::sum         0.21%      37.000us         0.26%      45.000us      15.000us             3  
                                       MseLossBackward0         0.21%      37.000us         1.03%     178.000us      59.333us             3  
                                             aten::div_         0.19%      32.000us         0.45%      77.000us      25.667us             3  
                                          aten::normal_         0.18%      31.000us         0.18%      31.000us       5.167us             6  
                                       aten::empty_like         0.16%      27.000us         0.26%      45.000us       7.500us             6  
                                         aten::_to_copy         0.12%      21.000us         0.21%      37.000us      12.333us             3  
                                       aten::zeros_like         0.10%      18.000us         0.32%      55.000us      18.333us             3  
                                            aten::fill_         0.09%      16.000us         0.09%      16.000us       2.667us             6  
                                            aten::copy_         0.06%      10.000us         0.06%      10.000us       3.333us             3  
                                        aten::ones_like         0.06%      10.000us         0.19%      33.000us      11.000us             3  
                                               aten::to         0.05%       8.000us         0.26%      45.000us      15.000us             3  
                                    aten::empty_strided         0.03%       6.000us         0.03%       6.000us       2.000us             3  
                                          aten::resize_         0.03%       5.000us         0.03%       5.000us       1.667us             3  
                             torch::autograd::GraphRoot         0.02%       4.000us         0.02%       4.000us       1.333us             3  
                                aten::broadcast_tensors         0.02%       3.000us         0.02%       3.000us       1.000us             3  
            rpc_remote#_local_invoke(master -> worker1)         0.00%       0.000us             0     947.676ms      15.795ms            60  
             rpc_async#_local_invoke(master -> worker2)         0.00%       0.000us             0        1.200s      20.000ms            60  
rpc_async#__torch__.torch.distributed.optim.optimize...         0.00%       0.000us             0      63.967ms      21.322ms             3  
rpc_async#__torch__.torch.distributed.optim.optimize...         0.00%       0.000us             0      69.692ms      23.231ms             3  
-------------------------------------------------------  ------------  ------------  ------------  ------------  ------------  ------------  
Self CPU time total: 17.253ms

after run_master
